<?xml version="1.0" encoding="UTF-8"?>
<!-- Generated by org.testng.reporters.JUnitReportReporter -->
<testsuite hostname="LAPTOP-1HREEBHP" failures="0" tests="3" name="SelPackage.TNG_SL_LoginPage" time="21.395" errors="0" timestamp="2023-12-09T00:22:01 IST" skipped="0">
  <testcase classname="SelPackage.TNG_SL_LoginPage" name="AppLogin" time="6.632"/>
  <testcase classname="SelPackage.TNG_SL_LoginPage" name="AppLogin" time="10.277"/>
  <testcase classname="SelPackage.TNG_SL_LoginPage" name="AppLogin" time="4.486"/>
</testsuite> <!-- SelPackage.TNG_SL_LoginPage -->
