<?xml version="1.0" encoding="UTF-8"?>
<!-- Generated by org.testng.reporters.JUnitReportReporter -->
<testsuite hostname="LAPTOP-1HREEBHP" failures="0" tests="4" name="SelPackage.SL_LP1" time="1.304" errors="0" timestamp="2023-12-17T01:02:51 IST" skipped="0">
  <testcase classname="SelPackage.SL_LP1" name="ChkoutPage" time="0.534"/>
  <testcase classname="SelPackage.SL_LP1" name="ReviewPage" time="0.104"/>
  <testcase classname="SelPackage.SL_LP1" name="InvPage" time="0.470"/>
  <testcase classname="SelPackage.SL_LP1" name="CartPage" time="0.196"/>
</testsuite> <!-- SelPackage.SL_LP1 -->
