<?xml version="1.0" encoding="UTF-8"?>
<!-- Generated by org.testng.reporters.JUnitReportReporter -->
<testsuite hostname="LAPTOP-1HREEBHP" failures="0" tests="3" name="TestNG.BankLoans" time="0.011" errors="0" timestamp="2023-12-07T13:51:41 IST" skipped="0">
  <testcase classname="TestNG.BankLoans" name="homeLoans" time="0.005"/>
  <testcase classname="TestNG.BankLoans" name="personalLoans" time="0.003"/>
  <testcase classname="TestNG.BankLoans" name="carLoans" time="0.003"/>
</testsuite> <!-- TestNG.BankLoans -->
