<?xml version="1.0" encoding="UTF-8"?>
<!-- Generated by org.testng.reporters.JUnitReportReporter -->
<testsuite hostname="LAPTOP-1HREEBHP" failures="0" tests="2" name="TestNG.Bank_Cards" time="0.025" errors="0" timestamp="2023-12-09T01:03:05 IST" skipped="1">
  <testcase classname="TestNG.Bank_Cards" name="DebitCards" time="0.025"/>
  <testcase classname="TestNG.Bank_Cards" name="HealthCards">
    <skipped/>
  </testcase> <!-- HealthCards -->
</testsuite> <!-- TestNG.Bank_Cards -->
