<?xml version="1.0" encoding="UTF-8"?>
<!-- Generated by org.testng.reporters.JUnitReportReporter -->
<testsuite hostname="LAPTOP-1HREEBHP" failures="0" tests="4" name="Bank_Cards" time="0.037" errors="0" timestamp="2023-12-06T01:01:38 IST" skipped="0">
  <testcase classname="Bank_Cards" name="HealthCards" time="0.006"/>
  <testcase classname="Bank_Cards" name="InsuranceCards" time="0.005"/>
  <testcase classname="Bank_Cards" name="CreditCards" time="0.021"/>
  <testcase classname="Bank_Cards" name="DebitCards" time="0.005"/>
</testsuite> <!-- Bank_Cards -->
