<?xml version="1.0" encoding="UTF-8"?>
<!-- Generated by org.testng.reporters.JUnitReportReporter -->
<testsuite hostname="LAPTOP-1HREEBHP" failures="0" tests="4" name="SelPackage.SL_LP" time="1.158" errors="0" timestamp="2023-12-09T00:00:40 IST" skipped="0">
  <testcase classname="SelPackage.SL_LP" name="InvPage" time="0.403"/>
  <testcase classname="SelPackage.SL_LP" name="ChkoutPage" time="0.480"/>
  <testcase classname="SelPackage.SL_LP" name="CartPage" time="0.187"/>
  <testcase classname="SelPackage.SL_LP" name="ReviewPage" time="0.088"/>
</testsuite> <!-- SelPackage.SL_LP -->
