<?xml version="1.0" encoding="UTF-8"?>
<!-- Generated by org.testng.reporters.JUnitReportReporter -->
<testsuite hostname="LAPTOP-1HREEBHP" failures="0" tests="1" name="TestNG.Bank_Loans" time="0.002" errors="0" timestamp="2023-12-09T01:03:05 IST" skipped="0">
  <testcase classname="TestNG.Bank_Loans" name="Bank_homeLoans" time="0.002"/>
</testsuite> <!-- TestNG.Bank_Loans -->
