<?xml version="1.0" encoding="UTF-8"?>
<!-- Generated by org.testng.reporters.JUnitReportReporter -->
<testsuite hostname="LAPTOP-1HREEBHP" failures="0" tests="1" name="TestNG.TestNG_Demo" time="0.003" errors="0" timestamp="2023-12-09T01:03:05 IST" skipped="0">
  <testcase classname="TestNG.TestNG_Demo" name="Test2" time="0.003"/>
</testsuite> <!-- TestNG.TestNG_Demo -->
